  MyMapleStory.cpp
D:\OpenGL\includes\stb_image.h(568,11): warning C4312: '형식 캐스트': 'int'에서 더 큰 'unsigned char *'(으)로의 변환입니다.
D:\OpenGL\includes\stb_image.h(576,19): warning C4312: '형식 캐스트': 'int'에서 더 큰 'unsigned char *'(으)로의 변환입니다.
D:\OpenGL\includes\stb_image.h(622,11): warning C4312: '형식 캐스트': 'int'에서 더 큰 'float *'(으)로의 변환입니다.
D:\OpenGL\includes\stb_image.h(644,19): warning C4312: '형식 캐스트': 'int'에서 더 큰 'float *'(으)로의 변환입니다.
D:\OpenGL\includes\stb_image.h(868,14): warning C4312: '형식 캐스트': 'int'에서 더 큰 'unsigned char *'(으)로의 변환입니다.
D:\OpenGL\includes\stb_image.h(906,45): warning C4312: '형식 캐스트': 'int'에서 더 큰 'float *'(으)로의 변환입니다.
D:\OpenGL\includes\stb_image.h(924,45): warning C4312: '형식 캐스트': 'int'에서 더 큰 'unsigned char *'(으)로의 변환입니다.
D:\OpenGL\includes\stb_image.h(1835,45): warning C4312: '형식 캐스트': 'int'에서 더 큰 'unsigned char *'(으)로의 변환입니다.
D:\OpenGL\includes\stb_image.h(1864,65): warning C4312: '형식 캐스트': 'int'에서 더 큰 'unsigned char *'(으)로의 변환입니다.
D:\OpenGL\includes\stb_image.h(1882,46): warning C4312: '형식 캐스트': 'int'에서 더 큰 'unsigned char *'(으)로의 변환입니다.
D:\OpenGL\includes\stb_image.h(2856,45): warning C4312: '형식 캐스트': 'int'에서 더 큰 'unsigned char *'(으)로의 변환입니다.
D:\OpenGL\includes\stb_image.h(2981,49): warning C4312: '형식 캐스트': 'int'에서 더 큰 'unsigned char *'(으)로의 변환입니다.
D:\OpenGL\includes\stb_image.h(2987,66): warning C4312: '형식 캐스트': 'int'에서 더 큰 'unsigned char *'(으)로의 변환입니다.
D:\OpenGL\includes\stb_image.h(2995,32): warning C4312: '형식 캐스트': 'int'에서 더 큰 'unsigned char *'(으)로의 변환입니다.
D:\OpenGL\includes\stb_image.h(2997,25): warning C4312: '형식 캐스트': 'int'에서 더 큰 'unsigned char *'(으)로의 변환입니다.
D:\OpenGL\includes\stb_image.h(3005,50): warning C4312: '형식 캐스트': 'int'에서 더 큰 'unsigned char *'(으)로의 변환입니다.
D:\OpenGL\includes\stb_image.h(3040,26): warning C4312: '형식 캐스트': 'int'에서 더 큰 'unsigned char *'(으)로의 변환입니다.
D:\OpenGL\includes\stb_image.h(3043,23): warning C4312: '형식 캐스트': 'int'에서 더 큰 'unsigned char *'(으)로의 변환입니다.
D:\OpenGL\includes\stb_image.h(3064,21): warning C4312: '형식 캐스트': 'int'에서 더 큰 'unsigned char *'(으)로의 변환입니다.
D:\OpenGL\includes\stb_image.h(3067,58): warning C4312: '형식 캐스트': 'int'에서 더 큰 'unsigned char *'(으)로의 변환입니다.
D:\OpenGL\includes\stb_image.h(3078,32): warning C4312: '형식 캐스트': 'int'에서 더 큰 'unsigned char *'(으)로의 변환입니다.
D:\OpenGL\includes\stb_image.h(3116,53): warning C4312: '형식 캐스트': 'int'에서 더 큰 'unsigned char *'(으)로의 변환입니다.
D:\OpenGL\includes\stb_image.h(3306,26): warning C4312: '형식 캐스트': 'int'에서 더 큰 'unsigned char *'(으)로의 변환입니다.
D:\OpenGL\includes\stb_image.h(3327,20): warning C4312: '형식 캐스트': 'int'에서 더 큰 'unsigned char *'(으)로의 변환입니다.
D:\OpenGL\includes\stb_image.h(3332,20): warning C4312: '형식 캐스트': 'int'에서 더 큰 'unsigned char *'(으)로의 변환입니다.
D:\OpenGL\includes\stb_image.h(3474,14): warning C4312: '형식 캐스트': 'int'에서 더 큰 'unsigned char *'(으)로의 변환입니다.
D:\OpenGL\includes\stb_image.h(3478,14): warning C4312: '형식 캐스트': 'int'에서 더 큰 'unsigned char *'(으)로의 변환입니다.
D:\OpenGL\includes\stb_image.h(3486,14): warning C4312: '형식 캐스트': 'int'에서 더 큰 'unsigned char *'(으)로의 변환입니다.
D:\OpenGL\includes\stb_image.h(3494,14): warning C4312: '형식 캐스트': 'int'에서 더 큰 'unsigned char *'(으)로의 변환입니다.
D:\OpenGL\includes\stb_image.h(3507,14): warning C4312: '형식 캐스트': 'int'에서 더 큰 'unsigned char *'(으)로의 변환입니다.
D:\OpenGL\includes\stb_image.h(3524,14): warning C4312: '형식 캐스트': 'int'에서 더 큰 'unsigned char *'(으)로의 변환입니다.
D:\OpenGL\includes\stb_image.h(3528,21): warning C4312: '형식 캐스트': 'int'에서 더 큰 'unsigned char *'(으)로의 변환입니다.
D:\OpenGL\includes\stb_image.h(3671,32): warning C4312: '형식 캐스트': 'int'에서 더 큰 'unsigned char *'(으)로의 변환입니다.
D:\OpenGL\includes\stb_image.h(3699,17): warning C4312: '형식 캐스트': 'int'에서 더 큰 'unsigned char *'(으)로의 변환입니다.
D:\OpenGL\includes\stb_image.h(3710,38): warning C4312: '형식 캐스트': 'int'에서 더 큰 'unsigned char *'(으)로의 변환입니다.
D:\OpenGL\includes\stb_image.h(3711,38): warning C4312: '형식 캐스트': 'int'에서 더 큰 'unsigned char *'(으)로의 변환입니다.
D:\OpenGL\includes\stb_image.h(3725,23): warning C4312: '형식 캐스트': 'int'에서 더 큰 'unsigned char *'(으)로의 변환입니다.
D:\OpenGL\includes\stb_image.h(3744,46): warning C4312: '형식 캐스트': 'int'에서 더 큰 'unsigned char *'(으)로의 변환입니다.
D:\OpenGL\includes\stb_image.h(3762,42): warning C4312: '형식 캐스트': 'int'에서 더 큰 'unsigned char *'(으)로의 변환입니다.
D:\OpenGL\includes\stb_image.h(3773,32): warning C4312: '형식 캐스트': 'int'에서 더 큰 'unsigned char *'(으)로의 변환입니다.
D:\OpenGL\includes\stb_image.h(3782,45): warning C4312: '형식 캐스트': 'int'에서 더 큰 'unsigned char *'(으)로의 변환입니다.
D:\OpenGL\includes\stb_image.h(3809,27): warning C4312: '형식 캐스트': 'int'에서 더 큰 'unsigned char *'(으)로의 변환입니다.
D:\OpenGL\includes\stb_image.h(3810,34): warning C4312: '형식 캐스트': 'int'에서 더 큰 'unsigned char *'(으)로의 변환입니다.
D:\OpenGL\includes\stb_image.h(4024,31): warning C4312: '형식 캐스트': 'int'에서 더 큰 'unsigned char *'(으)로의 변환입니다.
D:\OpenGL\includes\stb_image.h(4028,48): warning C4312: '형식 캐스트': 'int'에서 더 큰 'unsigned char *'(으)로의 변환입니다.
D:\OpenGL\includes\stb_image.h(4033,23): warning C4312: '형식 캐스트': 'int'에서 더 큰 'unsigned char *'(으)로의 변환입니다.
D:\OpenGL\includes\stb_image.h(4044,20): warning C4312: '형식 캐스트': 'int'에서 더 큰 'unsigned char *'(으)로의 변환입니다.
D:\OpenGL\includes\stb_image.h(4073,52): warning C4312: '형식 캐스트': 'int'에서 더 큰 'unsigned char *'(으)로의 변환입니다.
D:\OpenGL\includes\stb_image.h(4080,52): warning C4312: '형식 캐스트': 'int'에서 더 큰 'unsigned char *'(으)로의 변환입니다.
D:\OpenGL\includes\stb_image.h(4097,23): warning C4312: '형식 캐스트': 'int'에서 더 큰 'unsigned char *'(으)로의 변환입니다.
D:\OpenGL\includes\stb_image.h(4127,23): warning C4312: '형식 캐스트': 'int'에서 더 큰 'unsigned char *'(으)로의 변환입니다.
D:\OpenGL\includes\stb_image.h(4160,20): warning C4312: '형식 캐스트': 'int'에서 더 큰 'unsigned char *'(으)로의 변환입니다.
D:\OpenGL\includes\stb_image.h(4272,14): warning C4312: '형식 캐스트': 'int'에서 더 큰 'float *'(으)로의 변환입니다.
D:\OpenGL\includes\stb_image.h(4281,26): warning C4312: '형식 캐스트': 'int'에서 더 큰 'float *'(으)로의 변환입니다.
D:\OpenGL\includes\stb_image.h(4286,42): warning C4312: '형식 캐스트': 'int'에서 더 큰 'float *'(으)로의 변환입니다.
D:\OpenGL\includes\stb_image.h(4290,42): warning C4312: '형식 캐스트': 'int'에서 더 큰 'float *'(으)로의 변환입니다.
D:\OpenGL\includes\stb_image.h(4339,69): warning C4312: '형식 캐스트': 'int'에서 더 큰 'float *'(으)로의 변환입니다.
D:\Github\Projects\OpenGL_MMS\MyMapleStory\MyMapleStory\MyMapleStory.cpp(480,48): warning C4267: '=': 'size_t'에서 'int'(으)로 변환하면서 데이터가 손실될 수 있습니다.
  MyMapleStory.vcxproj -> D:\Github\Projects\OpenGL_MMS\MyMapleStory\x64\Debug\MyMapleStory.exe
